modulesCore/videoview/build/outputs/logs/manifest-merger-debug-report.txt
-- Merging decision tree log ---
manifest
ADDED from src/main/AndroidManifest.xml:2:1-11:12
INJECTED from src/main/AndroidManifest.xml:2:1-11:12
INJECTED from src/main/AndroidManifest.xml:2:1-11:12
	package
		INJECTED from src/main/AndroidManifest.xml
		ADDED from src/main/AndroidManifest.xml:2:1-11:12
		INJECTED from src/main/AndroidManifest.xml
	xmlns:android
		ADDED from src/main/AndroidManifest.xml:2:11-69
uses-permission#android.permission.INTERNET
ADDED from src/main/AndroidManifest.xml:3:5-67
	android:name
		ADDED from src/main/AndroidManifest.xml:3:22-64
application
ADDED from src/main/AndroidManifest.xml:4:5-10:19
activity#com.example.module.videoview.view.VideoActivity
ADDED from src/main/AndroidManifest.xml:5:9-9:20
	android:windowSoftInputMode
		ADDED from src/main/AndroidManifest.xml:8:13-55
	android:exported
		ADDED from src/main/AndroidManifest.xml:7:13-36
	android:name
		ADDED from src/main/AndroidManifest.xml:6:13-47
uses-sdk
INJECTED from src/main/AndroidManifest.xml reason: use-sdk injection requested
INJECTED from src/main/AndroidManifest.xml
INJECTED from src/main/AndroidManifest.xml
INJECTED from src/main/AndroidManifest.xml
INJECTED from src/main/AndroidManifest.xml
	android:targetSdkVersion
		INJECTED from src/main/AndroidManifest.xml
		ADDED from src/main/AndroidManifest.xml
		INJECTED from src/main/AndroidManifest.xml
	android:minSdkVersion
		INJECTED from src/main/AndroidManifest.xml
		ADDED from src/main/AndroidManifest.xml
		INJECTED from src/main/AndroidManifest.xml